<?xml version="1.0" encoding="UTF-8"?>
<!-- Generated by org.testng.reporters.JUnitReportReporter -->
<testsuite skipped="0" hostname="praveen" name="selenium.ElementByXpath" tests="1" failures="0" timestamp="2019-09-09T17:58:41 IST" time="14.237" errors="0">
  <testcase name="testElementByXpath" time="14.237" classname="selenium.ElementByXpath"/>
</testsuite> <!-- selenium.ElementByXpath -->
