<?xml version="1.0" encoding="UTF-8"?>
<!-- Generated by org.testng.reporters.JUnitReportReporter -->
<testsuite skipped="0" hostname="praveen" name="selenium.ExplicitTestNG" tests="1" failures="0" timestamp="2019-09-09T18:58:29 IST" time="16.387" errors="0">
  <testcase name="testExplicitTestNG" time="16.387" classname="selenium.ExplicitTestNG"/>
</testsuite> <!-- selenium.ExplicitTestNG -->
