<?xml version="1.0" encoding="UTF-8"?>
<!-- Generated by org.testng.reporters.JUnitReportReporter -->
<testsuite skipped="0" hostname="praveen" name="selenium.DynamicXpathDemo" tests="1" failures="0" timestamp="2019-09-12T12:06:14 IST" time="33.156" errors="0">
  <testcase name="testDynamicXpathDemo" time="33.156" classname="selenium.DynamicXpathDemo"/>
</testsuite> <!-- selenium.DynamicXpathDemo -->
