<?xml version="1.0" encoding="UTF-8"?>
<!-- Generated by org.testng.reporters.JUnitReportReporter -->
<testsuite skipped="0" hostname="praveen" name="selenium.NavigateDemo" tests="1" failures="0" timestamp="2019-09-10T22:29:33 IST" time="32.188" errors="0">
  <testcase name="navigateDemo" time="32.188" classname="selenium.NavigateDemo"/>
</testsuite> <!-- selenium.NavigateDemo -->
