<?xml version="1.0" encoding="UTF-8"?>
<!-- Generated by org.testng.reporters.JUnitReportReporter -->
<testsuite skipped="0" hostname="praveen" name="selenium.HandleNewTabDemo" tests="1" failures="0" timestamp="2019-09-11T10:42:00 IST" time="58.986" errors="0">
  <testcase name="handleNewTab" time="58.986" classname="selenium.HandleNewTabDemo"/>
</testsuite> <!-- selenium.HandleNewTabDemo -->
