<?xml version="1.0" encoding="UTF-8"?>
<!-- Generated by org.testng.reporters.JUnitReportReporter -->
<testsuite skipped="0" hostname="praveen" name="selenium.ElementById" tests="1" failures="0" timestamp="2019-09-09T17:17:46 IST" time="7.468" errors="0">
  <testcase name="testById" time="7.468" classname="selenium.ElementById"/>
</testsuite> <!-- selenium.ElementById -->
