<?xml version="1.0" encoding="UTF-8"?>
<!-- Generated by org.testng.reporters.JUnitReportReporter -->
<testsuite skipped="0" hostname="praveen" name="selenium.ExplicitTestNG" tests="1" failures="0" timestamp="2019-09-10T21:53:48 IST" time="39.733" errors="0">
  <testcase name="testExplicitTestNG" time="39.733" classname="selenium.ExplicitTestNG"/>
</testsuite> <!-- selenium.ExplicitTestNG -->
